<?xml version="1.0" encoding="UTF-8"?>
<testng-results ignored="0" total="1" passed="1" failed="0" skipped="0">
  <reporter-output>
  </reporter-output>
  <suite started-at="2024-07-17T15:22:33 IST" name="Suite" finished-at="2024-07-17T15:22:56 IST" duration-ms="23253">
    <groups>
    </groups>
    <test started-at="2024-07-17T15:22:33 IST" name="ChromeTest" finished-at="2024-07-17T15:22:56 IST" duration-ms="23253">
      <class name="selenium.basics.CrossBrowserTest">
        <test-method is-config="true" signature="setup(java.lang.String)[pri:0, instance:selenium.basics.CrossBrowserTest@5b218417]" started-at="2024-07-17T15:22:33 IST" name="setup" finished-at="2024-07-17T15:22:51 IST" duration-ms="17962" status="PASS">
          <params>
            <param index="0">
              <value>
                <![CDATA[chrome]]>
              </value>
            </param>
          </params>
          <reporter-output>
          </reporter-output>
        </test-method> <!-- setup -->
        <test-method signature="Test()[pri:0, instance:selenium.basics.CrossBrowserTest@5b218417]" started-at="2024-07-17T15:22:51 IST" name="Test" finished-at="2024-07-17T15:22:56 IST" duration-ms="4342" status="PASS">
          <reporter-output>
          </reporter-output>
        </test-method> <!-- Test -->
        <test-method is-config="true" signature="CloseBrowser()[pri:0, instance:selenium.basics.CrossBrowserTest@5b218417]" started-at="2024-07-17T15:22:56 IST" name="CloseBrowser" finished-at="2024-07-17T15:22:56 IST" duration-ms="863" status="PASS">
          <reporter-output>
          </reporter-output>
        </test-method> <!-- CloseBrowser -->
      </class> <!-- selenium.basics.CrossBrowserTest -->
    </test> <!-- ChromeTest -->
  </suite> <!-- Suite -->
</testng-results>
